app/build/intermediates/manifest_merge_blame_file/debug/manifest-merger-blame-debug-report.txt
1<?xml version="1.0" encoding="utf-8"?>
2<manifest xmlns:android="http://schemas.android.com/apk/res/android"
3    package="com.spk.questionnaire"
4    android:versionCode="1"
5    android:versionName="1.0.0" >
6
7    <uses-sdk
8        android:minSdkVersion="21"
8-->src\main\AndroidManifest.xml
9        android:targetSdkVersion="28" />
9-->src\main\AndroidManifest.xml
10
11    <application
11-->src\main\AndroidManifest.xml:6:5-31:19
12        android:name="com.spk.questionnaire.application.QuestionnaireApp"
12-->src\main\AndroidManifest.xml:7:9-53
13        android:allowBackup="true"
13-->src\main\AndroidManifest.xml:8:9-35
14        android:appComponentFactory="androidx.core.app.CoreComponentFactory"
14-->[androidx.core:core:1.0.0] AndroidManifest.xml:22:18-86
15        android:debuggable="true"
16        android:icon="@mipmap/ic_launcher"
16-->src\main\AndroidManifest.xml:9:9-43
17        android:label="@string/app_name"
17-->src\main\AndroidManifest.xml:10:9-41
18        android:roundIcon="@mipmap/ic_launcher_round"
18-->src\main\AndroidManifest.xml:11:9-54
19        android:supportsRtl="true"
19-->src\main\AndroidManifest.xml:12:9-35
20        android:testOnly="true"
21        android:theme="@style/AppTheme" >
21-->src\main\AndroidManifest.xml:13:9-40
22        <activity
22-->src\main\AndroidManifest.xml:14:9-22:20
23            android:name="com.spk.questionnaire.MainActivity"
23-->src\main\AndroidManifest.xml:15:13-41
24            android:screenOrientation="portrait" >
24-->src\main\AndroidManifest.xml:16:13-49
25            <intent-filter>
25-->src\main\AndroidManifest.xml:17:13-21:29
26                <action android:name="android.intent.action.MAIN" />
26-->src\main\AndroidManifest.xml:18:17-68
26-->src\main\AndroidManifest.xml:18:25-66
27
28                <category android:name="android.intent.category.LAUNCHER" />
28-->src\main\AndroidManifest.xml:20:17-76
28-->src\main\AndroidManifest.xml:20:27-74
29            </intent-filter>
30        </activity>
31        <activity
31-->src\main\AndroidManifest.xml:23:9-26:20
32            android:name="com.spk.questionnaire.questions.QuestionActivity"
32-->src\main\AndroidManifest.xml:24:13-55
33            android:screenOrientation="portrait" >
33-->src\main\AndroidManifest.xml:25:13-49
34        </activity>
35        <activity
35-->src\main\AndroidManifest.xml:27:9-30:20
36            android:name="com.spk.questionnaire.questions.AnswersActivity"
36-->src\main\AndroidManifest.xml:28:13-54
37            android:screenOrientation="portrait" >
37-->src\main\AndroidManifest.xml:29:13-49
38        </activity>
39    </application>
40
41</manifest>